[2024-06-16 20:19:16] - INFO - VT - PearDatabase ->ADODB disconnect
[2024-06-16 20:19:16] - DEBUG - user - Entering Users() method ...
[2024-06-16 20:19:16] - DEBUG - VT - Entering getColumnFields(Users) method ...
[2024-06-16 20:19:16] - DEBUG - VT - in getColumnFields Users
[2024-06-16 20:19:16] - DEBUG - VT - Prepared sql query being executed : SELECT tabid, name, ownedby FROM vtiger_tab
[2024-06-16 20:19:18] - INFO - VT - PearDatabase ->ADODB disconnect
[2024-06-16 20:20:02] - INFO - VT - PearDatabase ->ADODB disconnect
[2024-06-16 20:20:02] - DEBUG - VT - Prepared sql query being executed : SELECT * FROM vtiger_cron_task WHERE status <> ? ORDER BY SEQUENCE
[2024-06-16 20:20:04] - INFO - VT - PearDatabase ->ADODB disconnect
[2024-06-16 20:20:04] - DEBUG - VT - Login is required:#0 /var/www/vtigercrm/vtigercrm/includes/main/WebUI.php(193): Vtiger_WebUI->checkLogin()
#1 /var/www/vtigercrm/vtigercrm/index.php(31): Vtiger_WebUI->process()
#2 {main}
[2024-06-16 20:20:04] - INFO - VT - PearDatabase ->ADODB disconnect
[2024-06-16 20:20:04] - DEBUG - VT - Prepared sql query being executed : SELECT * FROM vtiger_organizationdetails WHERE organization_id=?
[2024-06-16 20:20:16] - INFO - VT - PearDatabase ->ADODB disconnect
[2024-06-16 20:20:16] - DEBUG - user - Entering Users() method ...
[2024-06-16 20:20:16] - DEBUG - VT - Entering getColumnFields(Users) method ...
[2024-06-16 20:20:16] - DEBUG - VT - in getColumnFields Users
[2024-06-16 20:20:16] - DEBUG - VT - Prepared sql query being executed : SELECT tabid, name, ownedby FROM vtiger_tab
[2024-06-16 20:20:19] - INFO - VT - PearDatabase ->ADODB disconnect
[2024-06-16 20:20:21] - INFO - VT - PearDatabase ->ADODB disconnect
[2024-06-16 20:20:21] - DEBUG - user - Entering Users() method ...
[2024-06-16 20:20:21] - DEBUG - VT - Entering getColumnFields(Users) method ...
[2024-06-16 20:20:21] - DEBUG - VT - in getColumnFields Users
[2024-06-16 20:20:21] - DEBUG - VT - Prepared sql query being executed : SELECT tabid, name, ownedby FROM vtiger_tab
[2024-06-16 20:21:19] - INFO - VT - PearDatabase ->ADODB disconnect
[2024-06-16 20:22:01] - INFO - VT - PearDatabase ->ADODB disconnect
[2024-06-16 20:22:01] - DEBUG - VT - Prepared sql query being executed : SELECT * FROM vtiger_cron_task WHERE status <> ? ORDER BY SEQUENCE
[2024-06-16 20:22:19] - INFO - VT - PearDatabase ->ADODB disconnect
[2024-06-16 20:22:21] - INFO - VT - PearDatabase ->ADODB disconnect
[2024-06-16 20:22:21] - DEBUG - user - Entering Users() method ...
[2024-06-16 20:22:21] - DEBUG - VT - Entering getColumnFields(Users) method ...
[2024-06-16 20:22:21] - DEBUG - VT - in getColumnFields Users
[2024-06-16 20:22:21] - DEBUG - VT - Prepared sql query being executed : SELECT tabid, name, ownedby FROM vtiger_tab
[2024-06-16 21:01:15] - INFO - VT - PearDatabase ->ADODB disconnect
[2024-06-16 21:01:16] - DEBUG - user - Entering Users() method ...
[2024-06-16 21:01:16] - DEBUG - VT - Entering getColumnFields(Users) method ...
[2024-06-16 21:01:16] - DEBUG - VT - in getColumnFields Users
[2024-06-16 21:01:16] - DEBUG - VT - Prepared sql query being executed : SELECT tabid, name, ownedby FROM vtiger_tab
[2024-06-16 21:01:53] - INFO - VT - PearDatabase ->ADODB disconnect
[2024-06-16 21:01:53] - DEBUG - user - Entering Users() method ...
[2024-06-16 21:01:53] - DEBUG - VT - Entering getColumnFields(Users) method ...
[2024-06-16 21:01:53] - DEBUG - VT - in getColumnFields Users
[2024-06-16 21:01:53] - DEBUG - VT - Prepared sql query being executed : SELECT tabid, name, ownedby FROM vtiger_tab
[2024-06-16 21:02:01] - INFO - VT - PearDatabase ->ADODB disconnect
[2024-06-16 21:02:01] - DEBUG - VT - Prepared sql query being executed : SELECT * FROM vtiger_cron_task WHERE status <> ? ORDER BY SEQUENCE
[2024-06-16 21:02:12] - INFO - VT - PearDatabase ->ADODB disconnect
[2024-06-16 21:02:12] - DEBUG - user - Entering Users() method ...
[2024-06-16 21:02:12] - DEBUG - VT - Entering getColumnFields(Users) method ...
[2024-06-16 21:02:12] - DEBUG - VT - in getColumnFields Users
[2024-06-16 21:02:12] - DEBUG - VT - Prepared sql query being executed : SELECT tabid, name, ownedby FROM vtiger_tab
[2024-06-16 21:02:13] - INFO - VT - PearDatabase ->ADODB disconnect
[2024-06-16 21:02:13] - DEBUG - user - Entering Users() method ...
[2024-06-16 21:02:13] - DEBUG - VT - Entering getColumnFields(Users) method ...
[2024-06-16 21:02:13] - DEBUG - VT - in getColumnFields Users
[2024-06-16 21:02:13] - DEBUG - VT - Prepared sql query being executed : SELECT tabid, name, ownedby FROM vtiger_tab
[2024-06-16 21:02:30] - INFO - VT - PearDatabase ->ADODB disconnect
[2024-06-16 21:02:30] - DEBUG - user - Entering Users() method ...
[2024-06-16 21:02:30] - DEBUG - VT - Entering getColumnFields(Users) method ...
[2024-06-16 21:02:30] - DEBUG - VT - in getColumnFields Users
[2024-06-16 21:02:30] - DEBUG - VT - Prepared sql query being executed : SELECT tabid, name, ownedby FROM vtiger_tab
[2024-06-16 21:02:54] - INFO - VT - PearDatabase ->ADODB disconnect
[2024-06-16 21:02:54] - DEBUG - user - Entering Users() method ...
[2024-06-16 21:02:54] - DEBUG - VT - Entering getColumnFields(Users) method ...
[2024-06-16 21:02:54] - DEBUG - VT - in getColumnFields Users
[2024-06-16 21:02:54] - DEBUG - VT - Prepared sql query being executed : SELECT tabid, name, ownedby FROM vtiger_tab
[2024-06-16 21:03:29] - INFO - VT - PearDatabase ->ADODB disconnect
[2024-06-16 21:03:29] - DEBUG - user - Entering Users() method ...
[2024-06-16 21:03:29] - DEBUG - VT - Entering getColumnFields(Users) method ...
[2024-06-16 21:03:29] - DEBUG - VT - in getColumnFields Users
[2024-06-16 21:03:29] - DEBUG - VT - Prepared sql query being executed : SELECT tabid, name, ownedby FROM vtiger_tab
[2024-06-16 21:03:39] - INFO - VT - PearDatabase ->ADODB disconnect
[2024-06-16 21:03:39] - DEBUG - user - Entering Users() method ...
[2024-06-16 21:03:39] - DEBUG - VT - Entering getColumnFields(Users) method ...
[2024-06-16 21:03:39] - DEBUG - VT - in getColumnFields Users
[2024-06-16 21:03:39] - DEBUG - VT - Prepared sql query being executed : SELECT tabid, name, ownedby FROM vtiger_tab
[2024-06-16 21:03:54] - INFO - VT - PearDatabase ->ADODB disconnect
[2024-06-16 21:03:54] - DEBUG - user - Entering Users() method ...
[2024-06-16 21:03:54] - DEBUG - VT - Entering getColumnFields(Users) method ...
[2024-06-16 21:03:54] - DEBUG - VT - in getColumnFields Users
[2024-06-16 21:03:54] - DEBUG - VT - Prepared sql query being executed : SELECT tabid, name, ownedby FROM vtiger_tab
[2024-06-16 21:04:01] - INFO - VT - PearDatabase ->ADODB disconnect
[2024-06-16 21:04:01] - DEBUG - VT - Prepared sql query being executed : SELECT * FROM vtiger_cron_task WHERE status <> ? ORDER BY SEQUENCE
[2024-06-16 21:04:29] - INFO - VT - PearDatabase ->ADODB disconnect
[2024-06-16 21:04:29] - DEBUG - user - Entering Users() method ...
[2024-06-16 21:04:29] - DEBUG - VT - Entering getColumnFields(Users) method ...
[2024-06-16 21:04:29] - DEBUG - VT - in getColumnFields Users
[2024-06-16 21:04:29] - DEBUG - VT - Prepared sql query being executed : SELECT tabid, name, ownedby FROM vtiger_tab
[2024-06-16 21:04:34] - INFO - VT - PearDatabase ->ADODB disconnect
[2024-06-16 21:04:34] - DEBUG - user - Entering Users() method ...
[2024-06-16 21:04:34] - DEBUG - VT - Entering getColumnFields(Users) method ...
[2024-06-16 21:04:34] - DEBUG - VT - in getColumnFields Users
[2024-06-16 21:04:34] - DEBUG - VT - Prepared sql query being executed : SELECT tabid, name, ownedby FROM vtiger_tab
[2024-06-16 21:04:55] - INFO - VT - PearDatabase ->ADODB disconnect
[2024-06-16 21:04:55] - DEBUG - user - Entering Users() method ...
[2024-06-16 21:04:55] - DEBUG - VT - Entering getColumnFields(Users) method ...
[2024-06-16 21:04:55] - DEBUG - VT - in getColumnFields Users
[2024-06-16 21:04:55] - DEBUG - VT - Prepared sql query being executed : SELECT tabid, name, ownedby FROM vtiger_tab
[2024-06-16 21:05:10] - INFO - VT - PearDatabase ->ADODB disconnect
[2024-06-16 21:05:10] - DEBUG - user - Entering Users() method ...
[2024-06-16 21:05:10] - DEBUG - VT - Entering getColumnFields(Users) method ...
[2024-06-16 21:05:10] - DEBUG - VT - in getColumnFields Users
[2024-06-16 21:05:10] - DEBUG - VT - Prepared sql query being executed : SELECT tabid, name, ownedby FROM vtiger_tab
[2024-06-16 21:05:17] - INFO - VT - PearDatabase ->ADODB disconnect
[2024-06-16 21:05:17] - DEBUG - user - Entering Users() method ...
[2024-06-16 21:05:17] - DEBUG - VT - Entering getColumnFields(Users) method ...
[2024-06-16 21:05:17] - DEBUG - VT - in getColumnFields Users
[2024-06-16 21:05:17] - DEBUG - VT - Prepared sql query being executed : SELECT tabid, name, ownedby FROM vtiger_tab
[2024-06-16 21:05:28] - INFO - VT - PearDatabase ->ADODB disconnect
[2024-06-16 21:05:28] - DEBUG - user - Entering Users() method ...
[2024-06-16 21:05:28] - DEBUG - VT - Entering getColumnFields(Users) method ...
[2024-06-16 21:05:28] - DEBUG - VT - in getColumnFields Users
[2024-06-16 21:05:28] - DEBUG - VT - Prepared sql query being executed : SELECT tabid, name, ownedby FROM vtiger_tab
[2024-06-16 21:06:01] - INFO - VT - PearDatabase ->ADODB disconnect
[2024-06-16 21:06:01] - DEBUG - VT - Prepared sql query being executed : SELECT * FROM vtiger_cron_task WHERE status <> ? ORDER BY SEQUENCE
[2024-06-16 21:06:15] - INFO - VT - PearDatabase ->ADODB disconnect
[2024-06-16 21:06:15] - DEBUG - user - Entering Users() method ...
[2024-06-16 21:06:15] - DEBUG - VT - Entering getColumnFields(Users) method ...
[2024-06-16 21:06:15] - DEBUG - VT - in getColumnFields Users
[2024-06-16 21:06:15] - DEBUG - VT - Prepared sql query being executed : SELECT tabid, name, ownedby FROM vtiger_tab
[2024-06-16 21:06:30] - INFO - VT - PearDatabase ->ADODB disconnect
[2024-06-16 21:06:30] - DEBUG - user - Entering Users() method ...
[2024-06-16 21:06:30] - DEBUG - VT - Entering getColumnFields(Users) method ...
[2024-06-16 21:06:30] - DEBUG - VT - in getColumnFields Users
[2024-06-16 21:06:30] - DEBUG - VT - Prepared sql query being executed : SELECT tabid, name, ownedby FROM vtiger_tab
[2024-06-16 21:06:37] - INFO - VT - PearDatabase ->ADODB disconnect
[2024-06-16 21:06:37] - DEBUG - user - Entering Users() method ...
[2024-06-16 21:06:37] - DEBUG - VT - Entering getColumnFields(Users) method ...
[2024-06-16 21:06:37] - DEBUG - VT - in getColumnFields Users
[2024-06-16 21:06:37] - DEBUG - VT - Prepared sql query being executed : SELECT tabid, name, ownedby FROM vtiger_tab
[2024-06-16 21:07:29] - INFO - VT - PearDatabase ->ADODB disconnect
[2024-06-16 21:07:29] - DEBUG - user - Entering Users() method ...
[2024-06-16 21:07:29] - DEBUG - VT - Entering getColumnFields(Users) method ...
[2024-06-16 21:07:29] - DEBUG - VT - in getColumnFields Users
[2024-06-16 21:07:29] - DEBUG - VT - Prepared sql query being executed : SELECT tabid, name, ownedby FROM vtiger_tab
[2024-06-16 21:08:02] - INFO - VT - PearDatabase ->ADODB disconnect
[2024-06-16 21:08:02] - DEBUG - VT - Prepared sql query being executed : SELECT * FROM vtiger_cron_task WHERE status <> ? ORDER BY SEQUENCE
[2024-06-16 21:09:30] - INFO - VT - PearDatabase ->ADODB disconnect
[2024-06-16 21:09:30] - DEBUG - user - Entering Users() method ...
[2024-06-16 21:09:30] - DEBUG - VT - Entering getColumnFields(Users) method ...
[2024-06-16 21:09:30] - DEBUG - VT - in getColumnFields Users
[2024-06-16 21:09:30] - DEBUG - VT - Prepared sql query being executed : SELECT tabid, name, ownedby FROM vtiger_tab
[2024-06-16 21:09:55] - INFO - VT - PearDatabase ->ADODB disconnect
[2024-06-16 21:09:55] - DEBUG - user - Entering Users() method ...
[2024-06-16 21:09:55] - DEBUG - VT - Entering getColumnFields(Users) method ...
[2024-06-16 21:09:55] - DEBUG - VT - in getColumnFields Users
[2024-06-16 21:09:55] - DEBUG - VT - Prepared sql query being executed : SELECT tabid, name, ownedby FROM vtiger_tab
[2024-06-16 21:10:01] - INFO - VT - PearDatabase ->ADODB disconnect
[2024-06-16 21:10:01] - DEBUG - VT - Prepared sql query being executed : SELECT * FROM vtiger_cron_task WHERE status <> ? ORDER BY SEQUENCE
[2024-06-16 21:10:52] - INFO - VT - PearDatabase ->ADODB disconnect
[2024-06-16 21:10:52] - DEBUG - user - Entering Users() method ...
[2024-06-16 21:10:52] - DEBUG - VT - Entering getColumnFields(Users) method ...
[2024-06-16 21:10:52] - DEBUG - VT - in getColumnFields Users
[2024-06-16 21:10:52] - DEBUG - VT - Prepared sql query being executed : SELECT tabid, name, ownedby FROM vtiger_tab
[2024-06-16 21:11:30] - INFO - VT - PearDatabase ->ADODB disconnect
[2024-06-16 21:11:30] - DEBUG - user - Entering Users() method ...
[2024-06-16 21:11:30] - DEBUG - VT - Entering getColumnFields(Users) method ...
[2024-06-16 21:11:30] - DEBUG - VT - in getColumnFields Users
[2024-06-16 21:11:30] - DEBUG - VT - Prepared sql query being executed : SELECT tabid, name, ownedby FROM vtiger_tab
